<?xml version="1.0" encoding="UTF-8"?>
<testsuite xmlns:xsi="http://www.w3.org/2001/XMLSchema-instance" xsi:noNamespaceSchemaLocation="https://maven.apache.org/surefire/maven-surefire-plugin/xsd/surefire-test-report.xsd" version="3.0.2" name="cz.fi.muni.pb162.betting.model.competition.GroupStageTest" time="0.008" tests="4" errors="0" skipped="0" failures="0">
  <properties>
[...]
</properties>
  <testcase name="everyPairAppearsExactlyOnce" classname="cz.fi.muni.pb162.betting.model.competition.GroupStageTest" time="0.002"/>
  <testcase name="rankingEmptyBeforeResultRecorded" classname="cz.fi.muni.pb162.betting.model.competition.GroupStageTest" time="0.001"/>
  <testcase name="initialStatusIsUpcoming" classname="cz.fi.muni.pb162.betting.model.competition.GroupStageTest" time="0.001"/>
  <testcase name="generatesAllUniquePairs" classname="cz.fi.muni.pb162.betting.model.competition.GroupStageTest" time="0.001"/>
</testsuite>